There were originally a total of 1370 key terms.
You requested only references to psa pro.
This led to removal of 407 key terms.
You have kept 963 key terms.
There were originally a total of 1370 key terms.
You requested only references to gen exo lev num deu.
This led to removal of 0 key terms.
You have kept 1370 key terms.
There were originally a total of 1370 key terms.
You requested only references to jos jud rth 1sa 2sa 1ki 2ki 1ch 2ch ezr neh est.
This led to removal of 290 key terms.
You have kept 1080 key terms.
There were originally a total of 1370 key terms.
You requested only references to job psa pro ecc sol.
This led to removal of 334 key terms.
You have kept 1036 key terms.
There were originally a total of 1370 key terms.
You requested only references to isa jer lam eze dan.
This led to removal of 316 key terms.
You have kept 1054 key terms.
There were originally a total of 1370 key terms.
You requested only references to hos joe amo oba jon mic nah hab zep hag zec mal.
This led to removal of 524 key terms.
You have kept 846 key terms.
There were originally a total of 434 key terms.
You requested only references to mat mar luk joh.
This led to removal of 104 key terms.
You have kept 330 key terms.
There were originally a total of 434 key terms.
You requested only references to act.
This led to removal of 191 key terms.
You have kept 243 key terms.
There were originally a total of 434 key terms.
You requested only references to rom 1co 2co gal eph phi col 1th 2th 1ti 2ti tit phm heb.
This led to removal of 82 key terms.
You have kept 352 key terms.
There were originally a total of 434 key terms.
You requested only references to jas 1pe 2pe 1jo 2jo 3jo jud.
This led to removal of 220 key terms.
You have kept 214 key terms.
There were originally a total of 434 key terms.
You requested only references to rev.
This led to removal of 311 key terms.
You have kept 123 key terms.
